█████████████████████████████████████████████
█████████████████████████████████████████████
████ ▄▄▄▄▄ █▄█▄█▄▀█▀█▀▀▀▄██▄▄▀▀▄██ ▄▄▄▄▄ ████
████ █   █ █▀ ▄▄  ▀█ ▄ ▀ ▄█ █▀ █▀█ █   █ ████
████ █▄▄▄█ █ ▄█▄▀▄█ ▄▄▄▀█ ▀▄▀ ▀▄ █ █▄▄▄█ ████
████▄▄▄▄▄▄▄█ █ ▀ ▀ █▄▀ █ ▀ ▀▄█▄▀▄█▄▄▄▄▄▄▄████
████ ███ █▄▄▄█▀▀ ▀▄▄▄▄▀▄▄▄▀▀▀▀ ▀█▄▄  ▄▀▀▄████
████▀▄█▀▀ ▄██▀██▄██ ▀  ▀ ▀█  ▄▀ ▀█ █▀█▀▀█████
████  ▄██▄▄  ▄▄██▀█▀▄▄███▄▄ ██▀▀▀ ▄▄▀▀█▄ ████
████▄▄▀▀▄▀▄▄▀▄█▄▄▀▄ █▀▀▀   ▄ ▄▄▄▄▀▀  ▄ ▀█████
████▄▄██▄█▄ ▀ ▄▀▄█ █▀▄▀█▄▄█ ▀█▄▀▄▄▄█  ▄ ▄████
████▄ ▀██▄▄▀ ▄█ █▀▄█▄▀█▀█ █▄▀██ █ █ █  ▀█████
████▄▄ ▄ ▀▄▀▀▀   ▄█ ▀▀█▄▀ █▀ ▀█ ▀▄▄ ▀█▄▀█████
████ ▄ ▄▄ ▄▄▀█▄ ▄▀▀ ▄ ▄█▄▀▀▄▀▄ ▄▄▀▄  ▄  ▀████
████ █▄▀█▀▄▄██▀█  ██▄ ▀██ ▀ █▀  ▄ ▄█   ▄▄████
███████ █▀▄▀▀▀▄▄ ▄█ ▀▀ ▀▀▀█▄▄█ ▄▄██ ██ ▀█████
████▄▄▄█▄▄▄█▀▄▀█▄▀▀▀▀ ▀▄▄▄▄▀▄▀ █ ▄▄▄ ██▀ ████
████ ▄▄▄▄▄ █▄  █▀▀ ▄█ ▀█▀▀█▄▄▄▄▀ █▄█ ▀▀██████
████ █   █ █▄▀ ▄ ██▄▀█ █▄▄█▀▄█▀█    ▄   ▀████
████ █▄▄▄█ ██▀█▄█ ██▄▀▀▀▀▀▄▄ ▄▄██ ▄█▀▀ ▀█████
████▄▄▄▄▄▄▄█▄▄▄█▄█▄▄█▄█▄▄▄▄▄▄██▄██▄▄█▄▄▄▄████
█████████████████████████████████████████████
▀▀▀▀▀▀▀▀▀▀▀▀▀▀▀▀▀▀▀▀▀▀▀▀▀▀▀▀▀▀▀▀▀▀▀▀▀▀▀▀▀▀▀▀▀

打开以下链接配置应用:

  https://open.feishu.cn/page/cli?user_code=V4KD-M5UX&lpv=1.0.7&ocv=1.0.7&from=cli

等待配置应用...
