16:14:30 PageComment 服务器启动: ws://localhost:18080
16:14:30 server listening on 127.0.0.1:18080
16:14:30 server listening on [::1]:18080
16:14:30 connection open
16:14:30 客户端连接: ('::1', 58637, 0, 0)
16:15:00 客户端断开: ('::1', 58637, 0, 0)
16:15:18 connection open
16:15:18 客户端连接: ('::1', 54661, 0, 0)
16:15:18 客户端断开: ('::1', 54661, 0, 0)
16:15:18 connection open
16:15:18 客户端连接: ('::1', 50525, 0, 0)
16:15:20 客户端断开: ('::1', 50525, 0, 0)
16:15:20 connection open
16:15:20 客户端连接: ('::1', 55861, 0, 0)
16:15:20 客户端断开: ('::1', 55861, 0, 0)
16:15:20 connection open
16:15:20 客户端连接: ('::1', 57854, 0, 0)
16:15:25 客户端断开: ('::1', 57854, 0, 0)
16:15:25 connection open
16:15:25 客户端连接: ('::1', 50106, 0, 0)
16:15:25 客户端断开: ('::1', 50106, 0, 0)
16:15:26 connection open
16:15:26 客户端连接: ('::1', 49332, 0, 0)
